

============================== 2022-09-06 19:45:41.146306 | bf130fea-bec2-4ca1-9e0b-aa11ee8dbed8 ==============================
[0m19:45:41.146322 [info ] [MainThread]: Running with dbt=1.2.1
[0m19:45:41.147139 [debug] [MainThread]: running dbt with arguments {'write_json': True, 'use_colors': True, 'printer_width': 80, 'version_check': True, 'partial_parse': True, 'static_parser': True, 'profiles_dir': '/home/oem/.dbt', 'send_anonymous_usage_stats': True, 'event_buffer_size': 100000, 'quiet': False, 'no_print': False, 'project_name': 'project_dbt', 'skip_profile_setup': False, 'which': 'init', 'indirect_selection': 'eager'}
[0m19:45:41.147475 [debug] [MainThread]: Tracking: tracking
[0m19:45:41.166062 [debug] [MainThread]: Sending event: {'category': 'dbt', 'action': 'invocation', 'label': 'start', 'context': [<snowplow_tracker.self_describing_json.SelfDescribingJson object at 0x7fa78ef7cd60>, <snowplow_tracker.self_describing_json.SelfDescribingJson object at 0x7fa78ef7cd00>, <snowplow_tracker.self_describing_json.SelfDescribingJson object at 0x7fa78ef7cca0>]}
[0m19:45:41.166730 [info ] [MainThread]: Creating dbt configuration folder at /home/oem/.dbt
[0m19:45:41.168262 [debug] [MainThread]: Starter project path: /home/oem/Documents/technical_practice/project_dbt/dbt_venv/lib/python3.8/site-packages/dbt/include/starter_project
[0m19:45:50.468885 [info ] [MainThread]: Profile project_dbt written to /home/oem/.dbt/profiles.yml using target's sample configuration. Once updated, you'll be able to start developing with dbt.
[0m19:45:50.469191 [info ] [MainThread]: 
Your new dbt project "project_dbt" was created!

For more information on how to configure the profiles.yml file,
please consult the dbt documentation here:

  https://docs.getdbt.com/docs/configure-your-profile

One more thing:

Need help? Don't hesitate to reach out to us via GitHub issues or on Slack:

  https://community.getdbt.com/

Happy modeling!

[0m19:45:50.469500 [debug] [MainThread]: Sending event: {'category': 'dbt', 'action': 'invocation', 'label': 'end', 'context': [<snowplow_tracker.self_describing_json.SelfDescribingJson object at 0x7fa78d7bfee0>, <snowplow_tracker.self_describing_json.SelfDescribingJson object at 0x7fa78d7bffd0>, <snowplow_tracker.self_describing_json.SelfDescribingJson object at 0x7fa78d7bfe20>]}
[0m19:45:50.469832 [debug] [MainThread]: Flushing usage events


============================== 2022-09-06 20:16:35.405721 | 4b1ba972-511a-40d5-8c43-944a70a6e86b ==============================
[0m20:16:35.405734 [info ] [MainThread]: Running with dbt=1.2.1
[0m20:16:35.406241 [debug] [MainThread]: running dbt with arguments {'write_json': True, 'use_colors': True, 'printer_width': 80, 'version_check': True, 'partial_parse': True, 'static_parser': True, 'profiles_dir': '/home/oem/.dbt', 'send_anonymous_usage_stats': True, 'event_buffer_size': 100000, 'quiet': False, 'no_print': False, 'config_dir': False, 'which': 'debug', 'indirect_selection': 'eager'}
[0m20:16:35.406513 [debug] [MainThread]: Tracking: tracking
[0m20:16:35.417520 [debug] [MainThread]: Sending event: {'category': 'dbt', 'action': 'invocation', 'label': 'start', 'context': [<snowplow_tracker.self_describing_json.SelfDescribingJson object at 0x7f29303c83a0>, <snowplow_tracker.self_describing_json.SelfDescribingJson object at 0x7f29303c82e0>, <snowplow_tracker.self_describing_json.SelfDescribingJson object at 0x7f29303c8310>]}
[0m20:16:35.498626 [debug] [MainThread]: Executing "git --help"
[0m20:16:35.511186 [debug] [MainThread]: STDOUT: "b"usage: git [--version] [--help] [-C <path>] [-c <name>=<value>]\n           [--exec-path[=<path>]] [--html-path] [--man-path] [--info-path]\n           [-p | --paginate | -P | --no-pager] [--no-replace-objects] [--bare]\n           [--git-dir=<path>] [--work-tree=<path>] [--namespace=<name>]\n           <command> [<args>]\n\nThese are common Git commands used in various situations:\n\nstart a working area (see also: git help tutorial)\n   clone             Clone a repository into a new directory\n   init              Create an empty Git repository or reinitialize an existing one\n\nwork on the current change (see also: git help everyday)\n   add               Add file contents to the index\n   mv                Move or rename a file, a directory, or a symlink\n   restore           Restore working tree files\n   rm                Remove files from the working tree and from the index\n   sparse-checkout   Initialize and modify the sparse-checkout\n\nexamine the history and state (see also: git help revisions)\n   bisect            Use binary search to find the commit that introduced a bug\n   diff              Show changes between commits, commit and working tree, etc\n   grep              Print lines matching a pattern\n   log               Show commit logs\n   show              Show various types of objects\n   status            Show the working tree status\n\ngrow, mark and tweak your common history\n   branch            List, create, or delete branches\n   commit            Record changes to the repository\n   merge             Join two or more development histories together\n   rebase            Reapply commits on top of another base tip\n   reset             Reset current HEAD to the specified state\n   switch            Switch branches\n   tag               Create, list, delete or verify a tag object signed with GPG\n\ncollaborate (see also: git help workflows)\n   fetch             Download objects and refs from another repository\n   pull              Fetch from and integrate with another repository or a local branch\n   push              Update remote refs along with associated objects\n\n'git help -a' and 'git help -g' list available subcommands and some\nconcept guides. See 'git help <command>' or 'git help <concept>'\nto read about a specific subcommand or concept.\nSee 'git help git' for an overview of the system.\n""
[0m20:16:35.511906 [debug] [MainThread]: STDERR: "b''"
[0m20:16:35.519606 [debug] [MainThread]: Acquiring new postgres connection "debug"
[0m20:16:35.521950 [debug] [MainThread]: Using postgres connection "debug"
[0m20:16:35.523871 [debug] [MainThread]: On debug: select 1 as id
[0m20:16:35.524437 [debug] [MainThread]: Opening a new connection, currently in state init
[0m20:16:35.538528 [debug] [MainThread]: SQL status: SELECT 1 in 0.01 seconds
[0m20:16:35.541058 [debug] [MainThread]: On debug: Close
[0m20:16:35.544782 [debug] [MainThread]: Sending event: {'category': 'dbt', 'action': 'invocation', 'label': 'end', 'context': [<snowplow_tracker.self_describing_json.SelfDescribingJson object at 0x7f292eba7f70>, <snowplow_tracker.self_describing_json.SelfDescribingJson object at 0x7f292eba7dc0>, <snowplow_tracker.self_describing_json.SelfDescribingJson object at 0x7f292eba77c0>]}
[0m20:16:35.545507 [debug] [MainThread]: Flushing usage events
[0m20:16:36.065473 [debug] [MainThread]: Connection 'debug' was properly closed.
